# JRE version: OpenJDK Runtime Environment (8.0_242-b01) (build 1.8.0_242-release-1644-b01)
# Java VM: OpenJDK 64-Bit Server VM (25.242-b01 mixed mode windows-amd64 compressed oops)
Heap:
 PSYoungGen      total 596480K, used 231756K [0x00000000d5580000, 0x00000000ff100000, 0x0000000100000000)
  eden space 512512K, 41% used [0x00000000d5580000,0x00000000e239c970,0x00000000f4a00000)
  from space 83968K, 24% used [0x00000000f9f00000,0x00000000fb336910,0x00000000ff100000)
  to   space 85504K, 0% used [0x00000000f4a00000,0x00000000f4a00000,0x00000000f9d80000)
 ParOldGen       total 332800K, used 101964K [0x0000000080000000, 0x0000000094500000, 0x00000000d5580000)
  object space 332800K, 30% used [0x0000000080000000,0x0000000086393318,0x0000000094500000)
 Metaspace       used 174711K, capacity 188332K, committed 188748K, reserved 1214464K
  class space    used 22140K, capacity 24439K, committed 24704K, reserved 1048576K
GC Heap History (10 events):
Event: 19846.142 GC heap before
{Heap before GC invocations=93 (full 10):
 PSYoungGen      total 585728K, used 521860K [0x00000000d5580000, 0x00000000ff180000, 0x0000000100000000)
  eden space 486400K, 100% used [0x00000000d5580000,0x00000000f3080000,0x00000000f3080000)
  from space 99328K, 35% used [0x00000000f9080000,0x00000000fb3213c0,0x00000000ff180000)
  to   space 98304K, 0% used [0x00000000f3080000,0x00000000f3080000,0x00000000f9080000)
 ParOldGen       total 332800K, used 163063K [0x0000000080000000, 0x0000000094500000, 0x00000000d5580000)
  object space 332800K, 48% used [0x0000000080000000,0x0000000089f3df00,0x0000000094500000)
 Metaspace       used 170749K, capacity 184134K, committed 184396K, reserved 1210368K
  class space    used 21672K, capacity 24122K, committed 24192K, reserved 1048576K
Event: 19846.243 GC heap after
Heap after GC invocations=93 (full 10):
 PSYoungGen      total 584704K, used 3680K [0x00000000d5580000, 0x00000000ffd00000, 0x0000000100000000)
  eden space 486400K, 0% used [0x00000000d5580000,0x00000000d5580000,0x00000000f3080000)
  from space 98304K, 3% used [0x00000000f3080000,0x00000000f3418260,0x00000000f9080000)
  to   space 97280K, 0% used [0x00000000f9e00000,0x00000000f9e00000,0x00000000ffd00000)
 ParOldGen       total 332800K, used 169799K [0x0000000080000000, 0x0000000094500000, 0x00000000d5580000)
  object space 332800K, 51% used [0x0000000080000000,0x000000008a5d1e20,0x0000000094500000)
 Metaspace       used 170749K, capacity 184134K, committed 184396K, reserved 1210368K
  class space    used 21672K, capacity 24122K, committed 24192K, reserved 1048576K
}
Event: 19959.763 GC heap before
{Heap before GC invocations=94 (full 10):
 PSYoungGen      total 584704K, used 131236K [0x00000000d5580000, 0x00000000ffd00000, 0x0000000100000000)
  eden space 486400K, 26% used [0x00000000d5580000,0x00000000dd210e40,0x00000000f3080000)
  from space 98304K, 3% used [0x00000000f3080000,0x00000000f3418260,0x00000000f9080000)
  to   space 97280K, 0% used [0x00000000f9e00000,0x00000000f9e00000,0x00000000ffd00000)
 ParOldGen       total 332800K, used 169799K [0x0000000080000000, 0x0000000094500000, 0x00000000d5580000)
  object space 332800K, 51% used [0x0000000080000000,0x000000008a5d1e20,0x0000000094500000)
 Metaspace       used 170826K, capacity 184274K, committed 184396K, reserved 1210368K
  class space    used 21673K, capacity 24124K, committed 24192K, reserved 1048576K
Event: 19959.985 GC heap after
Heap after GC invocations=94 (full 10):
 PSYoungGen      total 595456K, used 672K [0x00000000d5580000, 0x00000000ffa00000, 0x0000000100000000)
  eden space 501248K, 0% used [0x00000000d5580000,0x00000000d5580000,0x00000000f3f00000)
  from space 94208K, 0% used [0x00000000f9e00000,0x00000000f9ea8000,0x00000000ffa00000)
  to   space 95744K, 0% used [0x00000000f3f00000,0x00000000f3f00000,0x00000000f9c80000)
 ParOldGen       total 332800K, used 171204K [0x0000000080000000, 0x0000000094500000, 0x00000000d5580000)
  object space 332800K, 51% used [0x0000000080000000,0x000000008a7313e0,0x0000000094500000)
 Metaspace       used 170826K, capacity 184274K, committed 184396K, reserved 1210368K
  class space    used 21673K, capacity 24124K, committed 24192K, reserved 1048576K
}
Event: 19959.985 GC heap before
{Heap before GC invocations=95 (full 11):
 PSYoungGen      total 595456K, used 672K [0x00000000d5580000, 0x00000000ffa00000, 0x0000000100000000)
  eden space 501248K, 0% used [0x00000000d5580000,0x00000000d5580000,0x00000000f3f00000)
  from space 94208K, 0% used [0x00000000f9e00000,0x00000000f9ea8000,0x00000000ffa00000)
  to   space 95744K, 0% used [0x00000000f3f00000,0x00000000f3f00000,0x00000000f9c80000)
 ParOldGen       total 332800K, used 171204K [0x0000000080000000, 0x0000000094500000, 0x00000000d5580000)
  object space 332800K, 51% used [0x0000000080000000,0x000000008a7313e0,0x0000000094500000)
 Metaspace       used 170826K, capacity 184274K, committed 184396K, reserved 1210368K
  class space    used 21673K, capacity 24124K, committed 24192K, reserved 1048576K
Event: 19981.568 GC heap after
Heap after GC invocations=95 (full 11):
 PSYoungGen      total 595456K, used 0K [0x00000000d5580000, 0x00000000ffa00000, 0x0000000100000000)
  eden space 501248K, 0% used [0x00000000d5580000,0x00000000d5580000,0x00000000f3f00000)
  from space 94208K, 0% used [0x00000000f9e00000,0x00000000f9e00000,0x00000000ffa00000)
  to   space 95744K, 0% used [0x00000000f3f00000,0x00000000f3f00000,0x00000000f9c80000)
 ParOldGen       total 332800K, used 88717K [0x0000000080000000, 0x0000000094500000, 0x00000000d5580000)
  object space 332800K, 26% used [0x0000000080000000,0x00000000856a3640,0x0000000094500000)
 Metaspace       used 162080K, capacity 174484K, committed 184396K, reserved 1210368K
  class space    used 20492K, capacity 22625K, committed 24192K, reserved 1048576K
}
Event: 20251.810 GC heap before
{Heap before GC invocations=96 (full 11):
 PSYoungGen      total 595456K, used 501248K [0x00000000d5580000, 0x00000000ffa00000, 0x0000000100000000)
  eden space 501248K, 100% used [0x00000000d5580000,0x00000000f3f00000,0x00000000f3f00000)
  from space 94208K, 0% used [0x00000000f9e00000,0x00000000f9e00000,0x00000000ffa00000)
  to   space 95744K, 0% used [0x00000000f3f00000,0x00000000f3f00000,0x00000000f9c80000)
 ParOldGen       total 332800K, used 88717K [0x0000000080000000, 0x0000000094500000, 0x00000000d5580000)
  object space 332800K, 26% used [0x0000000080000000,0x00000000856a3640,0x0000000094500000)
 Metaspace       used 165164K, capacity 177772K, committed 184396K, reserved 1210368K
  class space    used 20865K, capacity 23031K, committed 24192K, reserved 1048576K
Event: 20251.899 GC heap after
Heap after GC invocations=96 (full 11):
 PSYoungGen      total 596992K, used 18041K [0x00000000d5580000, 0x00000000ff780000, 0x0000000100000000)
  eden space 501248K, 0% used [0x00000000d5580000,0x00000000d5580000,0x00000000f3f00000)
  from space 95744K, 18% used [0x00000000f3f00000,0x00000000f509e798,0x00000000f9c80000)
  to   space 90624K, 0% used [0x00000000f9f00000,0x00000000f9f00000,0x00000000ff780000)
 ParOldGen       total 332800K, used 88725K [0x0000000080000000, 0x0000000094500000, 0x00000000d5580000)
  object space 332800K, 26% used [0x0000000080000000,0x00000000856a5640,0x0000000094500000)
 Metaspace       used 165164K, capacity 177772K, committed 184396K, reserved 1210368K
  class space    used 20865K, capacity 23031K, committed 24192K, reserved 1048576K
}
Event: 20364.356 GC heap before
{Heap before GC invocations=97 (full 11):
 PSYoungGen      total 596992K, used 519289K [0x00000000d5580000, 0x00000000ff780000, 0x0000000100000000)
  eden space 501248K, 100% used [0x00000000d5580000,0x00000000f3f00000,0x00000000f3f00000)
  from space 95744K, 18% used [0x00000000f3f00000,0x00000000f509e798,0x00000000f9c80000)
  to   space 90624K, 0% used [0x00000000f9f00000,0x00000000f9f00000,0x00000000ff780000)
 ParOldGen       total 332800K, used 88725K [0x0000000080000000, 0x0000000094500000, 0x00000000d5580000)
  object space 332800K, 26% used [0x0000000080000000,0x00000000856a5640,0x0000000094500000)
 Metaspace       used 172589K, capacity 186064K, committed 186572K, reserved 1212416K
  class space    used 21988K, capacity 24267K, committed 24576K, reserved 1048576K
Event: 20364.544 GC heap after
Heap after GC invocations=97 (full 11):
 PSYoungGen      total 596480K, used 20698K [0x00000000d5580000, 0x00000000ff100000, 0x0000000100000000)
  eden space 512512K, 0% used [0x00000000d5580000,0x00000000d5580000,0x00000000f4a00000)
  from space 83968K, 24% used [0x00000000f9f00000,0x00000000fb336910,0x00000000ff100000)
  to   space 85504K, 0% used [0x00000000f4a00000,0x00000000f4a00000,0x00000000f9d80000)
 ParOldGen       total 332800K, used 101964K [0x0000000080000000, 0x0000000094500000, 0x00000000d5580000)
  object space 332800K, 30% used [0x0000000080000000,0x0000000086393318,0x0000000094500000)
 Metaspace       used 172589K, capacity 186064K, committed 186572K, reserved 1212416K
  class space    used 21988K, capacity 24267K, committed 24576K, reserved 1048576K
}

